[2025-04-18T16:07:26.617+0000] {local_task_job_runner.py:123} INFO - ::group::Pre task execution logs
[2025-04-18T16:07:26.638+0000] {taskinstance.py:2613} INFO - Dependencies all met for dep_context=non-requeueable deps ti=<TaskInstance: weather_api_to_snowflake.dbt_tasks.dbt_debug manual__2025-04-18T16:07:11.322208+00:00 [queued]>
[2025-04-18T16:07:26.655+0000] {taskinstance.py:2613} INFO - Dependencies all met for dep_context=requeueable deps ti=<TaskInstance: weather_api_to_snowflake.dbt_tasks.dbt_debug manual__2025-04-18T16:07:11.322208+00:00 [queued]>
[2025-04-18T16:07:26.657+0000] {taskinstance.py:2866} INFO - Starting attempt 1 of 2
[2025-04-18T16:07:26.678+0000] {taskinstance.py:2889} INFO - Executing <Task(BashOperator): dbt_tasks.dbt_debug> on 2025-04-18 16:07:11.322208+00:00
[2025-04-18T16:07:26.689+0000] {standard_task_runner.py:72} INFO - Started process 145 to run task
[2025-04-18T16:07:26.693+0000] {standard_task_runner.py:104} INFO - Running: ['***', 'tasks', 'run', 'weather_api_to_snowflake', 'dbt_tasks.dbt_debug', 'manual__2025-04-18T16:07:11.322208+00:00', '--job-id', '237', '--raw', '--subdir', 'DAGS_FOLDER/dbt_snowflake_pipeline.py', '--cfg-path', '/tmp/tmp4udtxawz']
[2025-04-18T16:07:26.698+0000] {standard_task_runner.py:105} INFO - Job 237: Subtask dbt_tasks.dbt_debug
[2025-04-18T16:07:26.763+0000] {task_command.py:467} INFO - Running <TaskInstance: weather_api_to_snowflake.dbt_tasks.dbt_debug manual__2025-04-18T16:07:11.322208+00:00 [running]> on host b322df8cb9fb
[2025-04-18T16:07:26.874+0000] {taskinstance.py:3132} INFO - Exporting env vars: AIRFLOW_CTX_DAG_OWNER='***' AIRFLOW_CTX_DAG_ID='weather_api_to_snowflake' AIRFLOW_CTX_TASK_ID='dbt_tasks.dbt_debug' AIRFLOW_CTX_EXECUTION_DATE='2025-04-18T16:07:11.322208+00:00' AIRFLOW_CTX_TRY_NUMBER='1' AIRFLOW_CTX_DAG_RUN_ID='manual__2025-04-18T16:07:11.322208+00:00'
[2025-04-18T16:07:26.877+0000] {taskinstance.py:731} INFO - ::endgroup::
[2025-04-18T16:07:26.900+0000] {subprocess.py:78} INFO - Tmp dir root location: /tmp
[2025-04-18T16:07:26.904+0000] {subprocess.py:88} INFO - Running command: ['/usr/bin/bash', '-c', '/home/***/.local/bin/dbt debug --project-dir /opt/dbt --profiles-dir /opt/dbt']
[2025-04-18T16:07:26.923+0000] {subprocess.py:99} INFO - Output:
[2025-04-18T16:07:30.793+0000] {subprocess.py:106} INFO - [0m16:07:30  Running with dbt=1.9.4
[2025-04-18T16:07:30.818+0000] {subprocess.py:106} INFO - [0m16:07:30  dbt version: 1.9.4
[2025-04-18T16:07:30.821+0000] {subprocess.py:106} INFO - [0m16:07:30  python version: 3.11.11
[2025-04-18T16:07:30.824+0000] {subprocess.py:106} INFO - [0m16:07:30  python path: /home/***/.local/bin/python
[2025-04-18T16:07:30.828+0000] {subprocess.py:106} INFO - [0m16:07:30  os info: Linux-5.10.76-linuxkit-x86_64-with-glibc2.36
[2025-04-18T16:07:32.016+0000] {subprocess.py:106} INFO - [0m16:07:32  Using profiles dir at /opt/dbt
[2025-04-18T16:07:32.019+0000] {subprocess.py:106} INFO - [0m16:07:32  Using profiles.yml file at /opt/dbt/profiles.yml
[2025-04-18T16:07:32.023+0000] {subprocess.py:106} INFO - [0m16:07:32  Using dbt_project.yml file at /opt/dbt/dbt_project.yml
[2025-04-18T16:07:32.027+0000] {subprocess.py:106} INFO - [0m16:07:32  adapter type: snowflake
[2025-04-18T16:07:32.029+0000] {subprocess.py:106} INFO - [0m16:07:32  adapter version: 1.9.2
[2025-04-18T16:07:32.165+0000] {subprocess.py:106} INFO - [0m16:07:32  Configuration:
[2025-04-18T16:07:32.168+0000] {subprocess.py:106} INFO - [0m16:07:32    profiles.yml file [[32mOK found and valid[0m]
[2025-04-18T16:07:32.172+0000] {subprocess.py:106} INFO - [0m16:07:32    dbt_project.yml file [[32mOK found and valid[0m]
[2025-04-18T16:07:32.175+0000] {subprocess.py:106} INFO - [0m16:07:32  Required dependencies:
[2025-04-18T16:07:32.181+0000] {subprocess.py:106} INFO - [0m16:07:32   - git [[31mERROR[0m]
[2025-04-18T16:07:32.184+0000] {subprocess.py:106} INFO - 
[2025-04-18T16:07:32.186+0000] {subprocess.py:106} INFO - [0m16:07:32  Connection:
[2025-04-18T16:07:32.188+0000] {subprocess.py:106} INFO - [0m16:07:32    account: dbjbmjn-gb63301
[2025-04-18T16:07:32.192+0000] {subprocess.py:106} INFO - [0m16:07:32    user: AIDASOW73
[2025-04-18T16:07:32.195+0000] {subprocess.py:106} INFO - [0m16:07:32    database: DBT_DOCKER_DEMO
[2025-04-18T16:07:32.197+0000] {subprocess.py:106} INFO - [0m16:07:32    warehouse: COMPUTE_WH
[2025-04-18T16:07:32.200+0000] {subprocess.py:106} INFO - [0m16:07:32    role: ACCOUNTADMIN
[2025-04-18T16:07:32.203+0000] {subprocess.py:106} INFO - [0m16:07:32    schema: BASE
[2025-04-18T16:07:32.206+0000] {subprocess.py:106} INFO - [0m16:07:32    authenticator: None
[2025-04-18T16:07:32.209+0000] {subprocess.py:106} INFO - [0m16:07:32    oauth_client_id: None
[2025-04-18T16:07:32.212+0000] {subprocess.py:106} INFO - [0m16:07:32    query_tag: None
[2025-04-18T16:07:32.215+0000] {subprocess.py:106} INFO - [0m16:07:32    client_session_keep_alive: False
[2025-04-18T16:07:32.218+0000] {subprocess.py:106} INFO - [0m16:07:32    host: None
[2025-04-18T16:07:32.221+0000] {subprocess.py:106} INFO - [0m16:07:32    port: None
[2025-04-18T16:07:32.224+0000] {subprocess.py:106} INFO - [0m16:07:32    proxy_host: None
[2025-04-18T16:07:32.227+0000] {subprocess.py:106} INFO - [0m16:07:32    proxy_port: None
[2025-04-18T16:07:32.230+0000] {subprocess.py:106} INFO - [0m16:07:32    protocol: None
[2025-04-18T16:07:32.233+0000] {subprocess.py:106} INFO - [0m16:07:32    connect_retries: 1
[2025-04-18T16:07:32.236+0000] {subprocess.py:106} INFO - [0m16:07:32    connect_timeout: None
[2025-04-18T16:07:32.240+0000] {subprocess.py:106} INFO - [0m16:07:32    retry_on_database_errors: False
[2025-04-18T16:07:32.242+0000] {subprocess.py:106} INFO - [0m16:07:32    retry_all: False
[2025-04-18T16:07:32.246+0000] {subprocess.py:106} INFO - [0m16:07:32    insecure_mode: False
[2025-04-18T16:07:32.283+0000] {subprocess.py:106} INFO - [0m16:07:32    reuse_connections: True
[2025-04-18T16:07:32.378+0000] {subprocess.py:106} INFO - [0m16:07:32  Registered adapter: snowflake=1.9.2
[2025-04-18T16:07:33.979+0000] {subprocess.py:106} INFO - [0m16:07:33    Connection test: [[32mOK connection ok[0m]
[2025-04-18T16:07:33.982+0000] {subprocess.py:106} INFO - 
[2025-04-18T16:07:33.985+0000] {subprocess.py:106} INFO - [0m16:07:33  [31m1 check failed:[0m
[2025-04-18T16:07:33.992+0000] {subprocess.py:106} INFO - [0m16:07:33  Error from git --help: Could not find command, ensure it is in the user's PATH: "git"
[2025-04-18T16:07:33.995+0000] {subprocess.py:106} INFO - 
[2025-04-18T16:07:35.132+0000] {subprocess.py:110} INFO - Command exited with return code 1
[2025-04-18T16:07:35.206+0000] {taskinstance.py:3311} ERROR - Task failed with exception
Traceback (most recent call last):
  File "/home/airflow/.local/lib/python3.11/site-packages/airflow/models/taskinstance.py", line 767, in _execute_task
    result = _execute_callable(context=context, **execute_callable_kwargs)
             ^^^^^^^^^^^^^^^^^^^^^^^^^^^^^^^^^^^^^^^^^^^^^^^^^^^^^^^^^^^^^
  File "/home/airflow/.local/lib/python3.11/site-packages/airflow/models/taskinstance.py", line 733, in _execute_callable
    return ExecutionCallableRunner(
           ^^^^^^^^^^^^^^^^^^^^^^^^
  File "/home/airflow/.local/lib/python3.11/site-packages/airflow/utils/operator_helpers.py", line 252, in run
    return self.func(*args, **kwargs)
           ^^^^^^^^^^^^^^^^^^^^^^^^^^
  File "/home/airflow/.local/lib/python3.11/site-packages/airflow/models/baseoperator.py", line 422, in wrapper
    return func(self, *args, **kwargs)
           ^^^^^^^^^^^^^^^^^^^^^^^^^^^
  File "/home/airflow/.local/lib/python3.11/site-packages/airflow/operators/bash.py", line 276, in execute
    raise AirflowException(
airflow.exceptions.AirflowException: Bash command failed. The command returned a non-zero exit code 1.
[2025-04-18T16:07:35.257+0000] {taskinstance.py:1225} INFO - Marking task as UP_FOR_RETRY. dag_id=weather_api_to_snowflake, task_id=dbt_tasks.dbt_debug, run_id=manual__2025-04-18T16:07:11.322208+00:00, execution_date=20250418T160711, start_date=20250418T160726, end_date=20250418T160735
[2025-04-18T16:07:35.308+0000] {taskinstance.py:340} INFO - ::group::Post task execution logs
[2025-04-18T16:07:35.314+0000] {standard_task_runner.py:124} ERROR - Failed to execute job 237 for task dbt_tasks.dbt_debug (Bash command failed. The command returned a non-zero exit code 1.; 145)
Traceback (most recent call last):
  File "/home/airflow/.local/lib/python3.11/site-packages/airflow/task/task_runner/standard_task_runner.py", line 117, in _start_by_fork
    ret = args.func(args, dag=self.dag)
          ^^^^^^^^^^^^^^^^^^^^^^^^^^^^^
  File "/home/airflow/.local/lib/python3.11/site-packages/airflow/cli/cli_config.py", line 49, in command
    return func(*args, **kwargs)
           ^^^^^^^^^^^^^^^^^^^^^
  File "/home/airflow/.local/lib/python3.11/site-packages/airflow/utils/cli.py", line 116, in wrapper
    return f(*args, **kwargs)
           ^^^^^^^^^^^^^^^^^^
  File "/home/airflow/.local/lib/python3.11/site-packages/airflow/cli/commands/task_command.py", line 483, in task_run
    task_return_code = _run_task_by_selected_method(args, _dag, ti)
                       ^^^^^^^^^^^^^^^^^^^^^^^^^^^^^^^^^^^^^^^^^^^^
  File "/home/airflow/.local/lib/python3.11/site-packages/airflow/cli/commands/task_command.py", line 256, in _run_task_by_selected_method
    return _run_raw_task(args, ti)
           ^^^^^^^^^^^^^^^^^^^^^^^
  File "/home/airflow/.local/lib/python3.11/site-packages/airflow/cli/commands/task_command.py", line 341, in _run_raw_task
    return ti._run_raw_task(
           ^^^^^^^^^^^^^^^^^
  File "/home/airflow/.local/lib/python3.11/site-packages/airflow/utils/session.py", line 97, in wrapper
    return func(*args, session=session, **kwargs)
           ^^^^^^^^^^^^^^^^^^^^^^^^^^^^^^^^^^^^^^
  File "/home/airflow/.local/lib/python3.11/site-packages/airflow/models/taskinstance.py", line 3005, in _run_raw_task
    return _run_raw_task(
           ^^^^^^^^^^^^^^
  File "/home/airflow/.local/lib/python3.11/site-packages/airflow/models/taskinstance.py", line 273, in _run_raw_task
    TaskInstance._execute_task_with_callbacks(
  File "/home/airflow/.local/lib/python3.11/site-packages/airflow/models/taskinstance.py", line 3159, in _execute_task_with_callbacks
    result = self._execute_task(context, task_orig)
             ^^^^^^^^^^^^^^^^^^^^^^^^^^^^^^^^^^^^^^
  File "/home/airflow/.local/lib/python3.11/site-packages/airflow/models/taskinstance.py", line 3183, in _execute_task
    return _execute_task(self, context, task_orig)
           ^^^^^^^^^^^^^^^^^^^^^^^^^^^^^^^^^^^^^^^
  File "/home/airflow/.local/lib/python3.11/site-packages/airflow/models/taskinstance.py", line 767, in _execute_task
    result = _execute_callable(context=context, **execute_callable_kwargs)
             ^^^^^^^^^^^^^^^^^^^^^^^^^^^^^^^^^^^^^^^^^^^^^^^^^^^^^^^^^^^^^
  File "/home/airflow/.local/lib/python3.11/site-packages/airflow/models/taskinstance.py", line 733, in _execute_callable
    return ExecutionCallableRunner(
           ^^^^^^^^^^^^^^^^^^^^^^^^
  File "/home/airflow/.local/lib/python3.11/site-packages/airflow/utils/operator_helpers.py", line 252, in run
    return self.func(*args, **kwargs)
           ^^^^^^^^^^^^^^^^^^^^^^^^^^
  File "/home/airflow/.local/lib/python3.11/site-packages/airflow/models/baseoperator.py", line 422, in wrapper
    return func(self, *args, **kwargs)
           ^^^^^^^^^^^^^^^^^^^^^^^^^^^
  File "/home/airflow/.local/lib/python3.11/site-packages/airflow/operators/bash.py", line 276, in execute
    raise AirflowException(
airflow.exceptions.AirflowException: Bash command failed. The command returned a non-zero exit code 1.
[2025-04-18T16:07:35.387+0000] {local_task_job_runner.py:266} INFO - Task exited with return code 1
[2025-04-18T16:07:35.423+0000] {taskinstance.py:3895} INFO - 0 downstream tasks scheduled from follow-on schedule check
[2025-04-18T16:07:35.427+0000] {local_task_job_runner.py:245} INFO - ::endgroup::
