[2025-04-18T15:28:14.049+0000] {local_task_job_runner.py:123} INFO - ::group::Pre task execution logs
[2025-04-18T15:28:14.076+0000] {taskinstance.py:2613} INFO - Dependencies all met for dep_context=non-requeueable deps ti=<TaskInstance: weather_api_to_snowflake.dbt_tasks.dbt_debug manual__2025-04-18T15:27:58.821513+00:00 [queued]>
[2025-04-18T15:28:14.090+0000] {taskinstance.py:2613} INFO - Dependencies all met for dep_context=requeueable deps ti=<TaskInstance: weather_api_to_snowflake.dbt_tasks.dbt_debug manual__2025-04-18T15:27:58.821513+00:00 [queued]>
[2025-04-18T15:28:14.096+0000] {taskinstance.py:2866} INFO - Starting attempt 1 of 2
[2025-04-18T15:28:14.121+0000] {taskinstance.py:2889} INFO - Executing <Task(BashOperator): dbt_tasks.dbt_debug> on 2025-04-18 15:27:58.821513+00:00
[2025-04-18T15:28:14.135+0000] {standard_task_runner.py:72} INFO - Started process 548 to run task
[2025-04-18T15:28:14.143+0000] {standard_task_runner.py:104} INFO - Running: ['***', 'tasks', 'run', 'weather_api_to_snowflake', 'dbt_tasks.dbt_debug', 'manual__2025-04-18T15:27:58.821513+00:00', '--job-id', '223', '--raw', '--subdir', 'DAGS_FOLDER/dbt_snowflake_pipeline.py', '--cfg-path', '/tmp/tmpb5wh6r13']
[2025-04-18T15:28:14.149+0000] {standard_task_runner.py:105} INFO - Job 223: Subtask dbt_tasks.dbt_debug
[2025-04-18T15:28:14.231+0000] {task_command.py:467} INFO - Running <TaskInstance: weather_api_to_snowflake.dbt_tasks.dbt_debug manual__2025-04-18T15:27:58.821513+00:00 [running]> on host b322df8cb9fb
[2025-04-18T15:28:14.353+0000] {taskinstance.py:3132} INFO - Exporting env vars: AIRFLOW_CTX_DAG_OWNER='***' AIRFLOW_CTX_DAG_ID='weather_api_to_snowflake' AIRFLOW_CTX_TASK_ID='dbt_tasks.dbt_debug' AIRFLOW_CTX_EXECUTION_DATE='2025-04-18T15:27:58.821513+00:00' AIRFLOW_CTX_TRY_NUMBER='1' AIRFLOW_CTX_DAG_RUN_ID='manual__2025-04-18T15:27:58.821513+00:00'
[2025-04-18T15:28:14.358+0000] {taskinstance.py:731} INFO - ::endgroup::
[2025-04-18T15:28:14.381+0000] {subprocess.py:78} INFO - Tmp dir root location: /tmp
[2025-04-18T15:28:14.385+0000] {subprocess.py:88} INFO - Running command: ['/usr/bin/bash', '-c', 'dbt debug --project-dir /opt/dbt --profiles-dir /opt/dbt']
[2025-04-18T15:28:14.409+0000] {subprocess.py:99} INFO - Output:
[2025-04-18T15:28:18.727+0000] {subprocess.py:106} INFO - [0m15:28:18  Running with dbt=1.9.4
[2025-04-18T15:28:18.749+0000] {subprocess.py:106} INFO - [0m15:28:18  dbt version: 1.9.4
[2025-04-18T15:28:18.752+0000] {subprocess.py:106} INFO - [0m15:28:18  python version: 3.11.11
[2025-04-18T15:28:18.755+0000] {subprocess.py:106} INFO - [0m15:28:18  python path: /home/***/.local/bin/python
[2025-04-18T15:28:18.758+0000] {subprocess.py:106} INFO - [0m15:28:18  os info: Linux-5.10.76-linuxkit-x86_64-with-glibc2.36
[2025-04-18T15:28:18.776+0000] {subprocess.py:106} INFO - [0m15:28:18  Encountered an error:
[2025-04-18T15:28:18.779+0000] {subprocess.py:106} INFO - Parsing Error
[2025-04-18T15:28:18.781+0000] {subprocess.py:106} INFO -   Env var required but not provided: 'SNOWFLAKE_ACCOUNT'
[2025-04-18T15:28:19.549+0000] {subprocess.py:110} INFO - Command exited with return code 2
[2025-04-18T15:28:19.569+0000] {taskinstance.py:3311} ERROR - Task failed with exception
Traceback (most recent call last):
  File "/home/airflow/.local/lib/python3.11/site-packages/airflow/models/taskinstance.py", line 767, in _execute_task
    result = _execute_callable(context=context, **execute_callable_kwargs)
             ^^^^^^^^^^^^^^^^^^^^^^^^^^^^^^^^^^^^^^^^^^^^^^^^^^^^^^^^^^^^^
  File "/home/airflow/.local/lib/python3.11/site-packages/airflow/models/taskinstance.py", line 733, in _execute_callable
    return ExecutionCallableRunner(
           ^^^^^^^^^^^^^^^^^^^^^^^^
  File "/home/airflow/.local/lib/python3.11/site-packages/airflow/utils/operator_helpers.py", line 252, in run
    return self.func(*args, **kwargs)
           ^^^^^^^^^^^^^^^^^^^^^^^^^^
  File "/home/airflow/.local/lib/python3.11/site-packages/airflow/models/baseoperator.py", line 422, in wrapper
    return func(self, *args, **kwargs)
           ^^^^^^^^^^^^^^^^^^^^^^^^^^^
  File "/home/airflow/.local/lib/python3.11/site-packages/airflow/operators/bash.py", line 276, in execute
    raise AirflowException(
airflow.exceptions.AirflowException: Bash command failed. The command returned a non-zero exit code 2.
[2025-04-18T15:28:19.586+0000] {taskinstance.py:1225} INFO - Marking task as UP_FOR_RETRY. dag_id=weather_api_to_snowflake, task_id=dbt_tasks.dbt_debug, run_id=manual__2025-04-18T15:27:58.821513+00:00, execution_date=20250418T152758, start_date=20250418T152814, end_date=20250418T152819
[2025-04-18T15:28:19.614+0000] {taskinstance.py:340} INFO - ::group::Post task execution logs
[2025-04-18T15:28:19.617+0000] {standard_task_runner.py:124} ERROR - Failed to execute job 223 for task dbt_tasks.dbt_debug (Bash command failed. The command returned a non-zero exit code 2.; 548)
Traceback (most recent call last):
  File "/home/airflow/.local/lib/python3.11/site-packages/airflow/task/task_runner/standard_task_runner.py", line 117, in _start_by_fork
    ret = args.func(args, dag=self.dag)
          ^^^^^^^^^^^^^^^^^^^^^^^^^^^^^
  File "/home/airflow/.local/lib/python3.11/site-packages/airflow/cli/cli_config.py", line 49, in command
    return func(*args, **kwargs)
           ^^^^^^^^^^^^^^^^^^^^^
  File "/home/airflow/.local/lib/python3.11/site-packages/airflow/utils/cli.py", line 116, in wrapper
    return f(*args, **kwargs)
           ^^^^^^^^^^^^^^^^^^
  File "/home/airflow/.local/lib/python3.11/site-packages/airflow/cli/commands/task_command.py", line 483, in task_run
    task_return_code = _run_task_by_selected_method(args, _dag, ti)
                       ^^^^^^^^^^^^^^^^^^^^^^^^^^^^^^^^^^^^^^^^^^^^
  File "/home/airflow/.local/lib/python3.11/site-packages/airflow/cli/commands/task_command.py", line 256, in _run_task_by_selected_method
    return _run_raw_task(args, ti)
           ^^^^^^^^^^^^^^^^^^^^^^^
  File "/home/airflow/.local/lib/python3.11/site-packages/airflow/cli/commands/task_command.py", line 341, in _run_raw_task
    return ti._run_raw_task(
           ^^^^^^^^^^^^^^^^^
  File "/home/airflow/.local/lib/python3.11/site-packages/airflow/utils/session.py", line 97, in wrapper
    return func(*args, session=session, **kwargs)
           ^^^^^^^^^^^^^^^^^^^^^^^^^^^^^^^^^^^^^^
  File "/home/airflow/.local/lib/python3.11/site-packages/airflow/models/taskinstance.py", line 3005, in _run_raw_task
    return _run_raw_task(
           ^^^^^^^^^^^^^^
  File "/home/airflow/.local/lib/python3.11/site-packages/airflow/models/taskinstance.py", line 273, in _run_raw_task
    TaskInstance._execute_task_with_callbacks(
  File "/home/airflow/.local/lib/python3.11/site-packages/airflow/models/taskinstance.py", line 3159, in _execute_task_with_callbacks
    result = self._execute_task(context, task_orig)
             ^^^^^^^^^^^^^^^^^^^^^^^^^^^^^^^^^^^^^^
  File "/home/airflow/.local/lib/python3.11/site-packages/airflow/models/taskinstance.py", line 3183, in _execute_task
    return _execute_task(self, context, task_orig)
           ^^^^^^^^^^^^^^^^^^^^^^^^^^^^^^^^^^^^^^^
  File "/home/airflow/.local/lib/python3.11/site-packages/airflow/models/taskinstance.py", line 767, in _execute_task
    result = _execute_callable(context=context, **execute_callable_kwargs)
             ^^^^^^^^^^^^^^^^^^^^^^^^^^^^^^^^^^^^^^^^^^^^^^^^^^^^^^^^^^^^^
  File "/home/airflow/.local/lib/python3.11/site-packages/airflow/models/taskinstance.py", line 733, in _execute_callable
    return ExecutionCallableRunner(
           ^^^^^^^^^^^^^^^^^^^^^^^^
  File "/home/airflow/.local/lib/python3.11/site-packages/airflow/utils/operator_helpers.py", line 252, in run
    return self.func(*args, **kwargs)
           ^^^^^^^^^^^^^^^^^^^^^^^^^^
  File "/home/airflow/.local/lib/python3.11/site-packages/airflow/models/baseoperator.py", line 422, in wrapper
    return func(self, *args, **kwargs)
           ^^^^^^^^^^^^^^^^^^^^^^^^^^^
  File "/home/airflow/.local/lib/python3.11/site-packages/airflow/operators/bash.py", line 276, in execute
    raise AirflowException(
airflow.exceptions.AirflowException: Bash command failed. The command returned a non-zero exit code 2.
[2025-04-18T15:28:19.678+0000] {local_task_job_runner.py:266} INFO - Task exited with return code 1
[2025-04-18T15:28:19.710+0000] {taskinstance.py:3895} INFO - 0 downstream tasks scheduled from follow-on schedule check
[2025-04-18T15:28:19.714+0000] {local_task_job_runner.py:245} INFO - ::endgroup::
