[2025-04-18T18:12:14.567+0000] {local_task_job_runner.py:123} INFO - ::group::Pre task execution logs
[2025-04-18T18:12:14.585+0000] {taskinstance.py:2613} INFO - Dependencies all met for dep_context=non-requeueable deps ti=<TaskInstance: weather_api_to_snowflake.dbt_tasks.dbt_run manual__2025-04-18T18:11:45.599763+00:00 [queued]>
[2025-04-18T18:12:14.596+0000] {taskinstance.py:2613} INFO - Dependencies all met for dep_context=requeueable deps ti=<TaskInstance: weather_api_to_snowflake.dbt_tasks.dbt_run manual__2025-04-18T18:11:45.599763+00:00 [queued]>
[2025-04-18T18:12:14.598+0000] {taskinstance.py:2866} INFO - Starting attempt 1 of 2
[2025-04-18T18:12:14.613+0000] {taskinstance.py:2889} INFO - Executing <Task(BashOperator): dbt_tasks.dbt_run> on 2025-04-18 18:11:45.599763+00:00
[2025-04-18T18:12:14.621+0000] {standard_task_runner.py:72} INFO - Started process 2142 to run task
[2025-04-18T18:12:14.625+0000] {standard_task_runner.py:104} INFO - Running: ['***', 'tasks', 'run', 'weather_api_to_snowflake', 'dbt_tasks.dbt_run', 'manual__2025-04-18T18:11:45.599763+00:00', '--job-id', '270', '--raw', '--subdir', 'DAGS_FOLDER/dbt_snowflake_pipeline.py', '--cfg-path', '/tmp/tmpl7ml2zhq']
[2025-04-18T18:12:14.630+0000] {standard_task_runner.py:105} INFO - Job 270: Subtask dbt_tasks.dbt_run
[2025-04-18T18:12:14.686+0000] {task_command.py:467} INFO - Running <TaskInstance: weather_api_to_snowflake.dbt_tasks.dbt_run manual__2025-04-18T18:11:45.599763+00:00 [running]> on host b322df8cb9fb
[2025-04-18T18:12:14.782+0000] {taskinstance.py:3132} INFO - Exporting env vars: AIRFLOW_CTX_DAG_OWNER='***' AIRFLOW_CTX_DAG_ID='weather_api_to_snowflake' AIRFLOW_CTX_TASK_ID='dbt_tasks.dbt_run' AIRFLOW_CTX_EXECUTION_DATE='2025-04-18T18:11:45.599763+00:00' AIRFLOW_CTX_TRY_NUMBER='1' AIRFLOW_CTX_DAG_RUN_ID='manual__2025-04-18T18:11:45.599763+00:00'
[2025-04-18T18:12:14.784+0000] {taskinstance.py:731} INFO - ::endgroup::
[2025-04-18T18:12:14.808+0000] {subprocess.py:78} INFO - Tmp dir root location: /tmp
[2025-04-18T18:12:14.811+0000] {subprocess.py:88} INFO - Running command: ['/usr/bin/bash', '-c', '/home/***/.local/bin/dbt run --project-dir /opt/dbt --profiles-dir /opt/dbt']
[2025-04-18T18:12:14.830+0000] {subprocess.py:99} INFO - Output:
[2025-04-18T18:12:17.642+0000] {subprocess.py:106} INFO - [0m18:12:17  Running with dbt=1.9.4
[2025-04-18T18:12:19.079+0000] {subprocess.py:106} INFO - [0m18:12:19  Registered adapter: snowflake=1.9.2
[2025-04-18T18:12:19.363+0000] {subprocess.py:106} INFO - [0m18:12:19  Unable to do partial parsing because saved manifest not found. Starting full parse.
[2025-04-18T18:12:22.466+0000] {subprocess.py:106} INFO - [0m18:12:22  Found 2 models, 4 data tests, 1 source, 474 macros
[2025-04-18T18:12:22.473+0000] {subprocess.py:106} INFO - [0m18:12:22
[2025-04-18T18:12:22.477+0000] {subprocess.py:106} INFO - [0m18:12:22  Concurrency: 1 threads (target='dev')
[2025-04-18T18:12:22.480+0000] {subprocess.py:106} INFO - [0m18:12:22
[2025-04-18T18:12:23.653+0000] {subprocess.py:106} INFO - [0m18:12:23  1 of 2 START sql view model BASE.stg_weather_raw ............................... [RUN]
[2025-04-18T18:12:23.864+0000] {subprocess.py:106} INFO - [0m18:12:23  1 of 2 ERROR creating sql view model BASE.stg_weather_raw ...................... [[31mERROR[0m in 0.20s]
[2025-04-18T18:12:23.874+0000] {subprocess.py:106} INFO - [0m18:12:23  2 of 2 SKIP relation BASE.weather_summary ...................................... [[33mSKIP[0m]
[2025-04-18T18:12:23.983+0000] {subprocess.py:106} INFO - [0m18:12:23
[2025-04-18T18:12:23.986+0000] {subprocess.py:106} INFO - [0m18:12:23  Finished running 1 table model, 1 view model in 0 hours 0 minutes and 1.50 seconds (1.50s).
[2025-04-18T18:12:24.165+0000] {subprocess.py:106} INFO - [0m18:12:24
[2025-04-18T18:12:24.169+0000] {subprocess.py:106} INFO - [0m18:12:24  [31mCompleted with 1 error, 0 partial successes, and 0 warnings:[0m
[2025-04-18T18:12:24.172+0000] {subprocess.py:106} INFO - [0m18:12:24
[2025-04-18T18:12:24.174+0000] {subprocess.py:106} INFO - [0m18:12:24    Database Error in model stg_weather_raw (models/staging/stg_weather_raw.sql)
[2025-04-18T18:12:24.177+0000] {subprocess.py:106} INFO -   001003 (42000): SQL compilation error:
[2025-04-18T18:12:24.179+0000] {subprocess.py:106} INFO -   syntax error line 14 at position 40 unexpected ';'.
[2025-04-18T18:12:24.181+0000] {subprocess.py:106} INFO -   compiled code at target/run/weather_dbt_project/models/staging/stg_weather_raw.sql
[2025-04-18T18:12:24.183+0000] {subprocess.py:106} INFO - [0m18:12:24
[2025-04-18T18:12:24.185+0000] {subprocess.py:106} INFO - [0m18:12:24  Done. PASS=0 WARN=0 ERROR=1 SKIP=1 TOTAL=2
[2025-04-18T18:12:25.150+0000] {subprocess.py:110} INFO - Command exited with return code 1
[2025-04-18T18:12:25.174+0000] {taskinstance.py:3311} ERROR - Task failed with exception
Traceback (most recent call last):
  File "/home/airflow/.local/lib/python3.11/site-packages/airflow/models/taskinstance.py", line 767, in _execute_task
    result = _execute_callable(context=context, **execute_callable_kwargs)
             ^^^^^^^^^^^^^^^^^^^^^^^^^^^^^^^^^^^^^^^^^^^^^^^^^^^^^^^^^^^^^
  File "/home/airflow/.local/lib/python3.11/site-packages/airflow/models/taskinstance.py", line 733, in _execute_callable
    return ExecutionCallableRunner(
           ^^^^^^^^^^^^^^^^^^^^^^^^
  File "/home/airflow/.local/lib/python3.11/site-packages/airflow/utils/operator_helpers.py", line 252, in run
    return self.func(*args, **kwargs)
           ^^^^^^^^^^^^^^^^^^^^^^^^^^
  File "/home/airflow/.local/lib/python3.11/site-packages/airflow/models/baseoperator.py", line 422, in wrapper
    return func(self, *args, **kwargs)
           ^^^^^^^^^^^^^^^^^^^^^^^^^^^
  File "/home/airflow/.local/lib/python3.11/site-packages/airflow/operators/bash.py", line 276, in execute
    raise AirflowException(
airflow.exceptions.AirflowException: Bash command failed. The command returned a non-zero exit code 1.
[2025-04-18T18:12:25.192+0000] {taskinstance.py:1225} INFO - Marking task as UP_FOR_RETRY. dag_id=weather_api_to_snowflake, task_id=dbt_tasks.dbt_run, run_id=manual__2025-04-18T18:11:45.599763+00:00, execution_date=20250418T181145, start_date=20250418T181214, end_date=20250418T181225
[2025-04-18T18:12:25.212+0000] {taskinstance.py:340} INFO - ::group::Post task execution logs
[2025-04-18T18:12:25.214+0000] {standard_task_runner.py:124} ERROR - Failed to execute job 270 for task dbt_tasks.dbt_run (Bash command failed. The command returned a non-zero exit code 1.; 2142)
Traceback (most recent call last):
  File "/home/airflow/.local/lib/python3.11/site-packages/airflow/task/task_runner/standard_task_runner.py", line 117, in _start_by_fork
    ret = args.func(args, dag=self.dag)
          ^^^^^^^^^^^^^^^^^^^^^^^^^^^^^
  File "/home/airflow/.local/lib/python3.11/site-packages/airflow/cli/cli_config.py", line 49, in command
    return func(*args, **kwargs)
           ^^^^^^^^^^^^^^^^^^^^^
  File "/home/airflow/.local/lib/python3.11/site-packages/airflow/utils/cli.py", line 116, in wrapper
    return f(*args, **kwargs)
           ^^^^^^^^^^^^^^^^^^
  File "/home/airflow/.local/lib/python3.11/site-packages/airflow/cli/commands/task_command.py", line 483, in task_run
    task_return_code = _run_task_by_selected_method(args, _dag, ti)
                       ^^^^^^^^^^^^^^^^^^^^^^^^^^^^^^^^^^^^^^^^^^^^
  File "/home/airflow/.local/lib/python3.11/site-packages/airflow/cli/commands/task_command.py", line 256, in _run_task_by_selected_method
    return _run_raw_task(args, ti)
           ^^^^^^^^^^^^^^^^^^^^^^^
  File "/home/airflow/.local/lib/python3.11/site-packages/airflow/cli/commands/task_command.py", line 341, in _run_raw_task
    return ti._run_raw_task(
           ^^^^^^^^^^^^^^^^^
  File "/home/airflow/.local/lib/python3.11/site-packages/airflow/utils/session.py", line 97, in wrapper
    return func(*args, session=session, **kwargs)
           ^^^^^^^^^^^^^^^^^^^^^^^^^^^^^^^^^^^^^^
  File "/home/airflow/.local/lib/python3.11/site-packages/airflow/models/taskinstance.py", line 3005, in _run_raw_task
    return _run_raw_task(
           ^^^^^^^^^^^^^^
  File "/home/airflow/.local/lib/python3.11/site-packages/airflow/models/taskinstance.py", line 273, in _run_raw_task
    TaskInstance._execute_task_with_callbacks(
  File "/home/airflow/.local/lib/python3.11/site-packages/airflow/models/taskinstance.py", line 3159, in _execute_task_with_callbacks
    result = self._execute_task(context, task_orig)
             ^^^^^^^^^^^^^^^^^^^^^^^^^^^^^^^^^^^^^^
  File "/home/airflow/.local/lib/python3.11/site-packages/airflow/models/taskinstance.py", line 3183, in _execute_task
    return _execute_task(self, context, task_orig)
           ^^^^^^^^^^^^^^^^^^^^^^^^^^^^^^^^^^^^^^^
  File "/home/airflow/.local/lib/python3.11/site-packages/airflow/models/taskinstance.py", line 767, in _execute_task
    result = _execute_callable(context=context, **execute_callable_kwargs)
             ^^^^^^^^^^^^^^^^^^^^^^^^^^^^^^^^^^^^^^^^^^^^^^^^^^^^^^^^^^^^^
  File "/home/airflow/.local/lib/python3.11/site-packages/airflow/models/taskinstance.py", line 733, in _execute_callable
    return ExecutionCallableRunner(
           ^^^^^^^^^^^^^^^^^^^^^^^^
  File "/home/airflow/.local/lib/python3.11/site-packages/airflow/utils/operator_helpers.py", line 252, in run
    return self.func(*args, **kwargs)
           ^^^^^^^^^^^^^^^^^^^^^^^^^^
  File "/home/airflow/.local/lib/python3.11/site-packages/airflow/models/baseoperator.py", line 422, in wrapper
    return func(self, *args, **kwargs)
           ^^^^^^^^^^^^^^^^^^^^^^^^^^^
  File "/home/airflow/.local/lib/python3.11/site-packages/airflow/operators/bash.py", line 276, in execute
    raise AirflowException(
airflow.exceptions.AirflowException: Bash command failed. The command returned a non-zero exit code 1.
[2025-04-18T18:12:25.261+0000] {local_task_job_runner.py:266} INFO - Task exited with return code 1
[2025-04-18T18:12:25.298+0000] {taskinstance.py:3895} INFO - 0 downstream tasks scheduled from follow-on schedule check
[2025-04-18T18:12:25.301+0000] {local_task_job_runner.py:245} INFO - ::endgroup::
