[2025-04-18T16:17:24.343+0000] {local_task_job_runner.py:123} INFO - ::group::Pre task execution logs
[2025-04-18T16:17:24.366+0000] {taskinstance.py:2613} INFO - Dependencies all met for dep_context=non-requeueable deps ti=<TaskInstance: weather_api_to_snowflake.dbt_tasks.dbt_debug manual__2025-04-18T16:17:10.977990+00:00 [queued]>
[2025-04-18T16:17:24.384+0000] {taskinstance.py:2613} INFO - Dependencies all met for dep_context=requeueable deps ti=<TaskInstance: weather_api_to_snowflake.dbt_tasks.dbt_debug manual__2025-04-18T16:17:10.977990+00:00 [queued]>
[2025-04-18T16:17:24.386+0000] {taskinstance.py:2866} INFO - Starting attempt 1 of 2
[2025-04-18T16:17:24.411+0000] {taskinstance.py:2889} INFO - Executing <Task(BashOperator): dbt_tasks.dbt_debug> on 2025-04-18 16:17:10.977990+00:00
[2025-04-18T16:17:24.422+0000] {standard_task_runner.py:72} INFO - Started process 328 to run task
[2025-04-18T16:17:24.428+0000] {standard_task_runner.py:104} INFO - Running: ['***', 'tasks', 'run', 'weather_api_to_snowflake', 'dbt_tasks.dbt_debug', 'manual__2025-04-18T16:17:10.977990+00:00', '--job-id', '243', '--raw', '--subdir', 'DAGS_FOLDER/dbt_snowflake_pipeline.py', '--cfg-path', '/tmp/tmp84h0sll8']
[2025-04-18T16:17:24.434+0000] {standard_task_runner.py:105} INFO - Job 243: Subtask dbt_tasks.dbt_debug
[2025-04-18T16:17:24.507+0000] {task_command.py:467} INFO - Running <TaskInstance: weather_api_to_snowflake.dbt_tasks.dbt_debug manual__2025-04-18T16:17:10.977990+00:00 [running]> on host b322df8cb9fb
[2025-04-18T16:17:24.625+0000] {taskinstance.py:3132} INFO - Exporting env vars: AIRFLOW_CTX_DAG_OWNER='***' AIRFLOW_CTX_DAG_ID='weather_api_to_snowflake' AIRFLOW_CTX_TASK_ID='dbt_tasks.dbt_debug' AIRFLOW_CTX_EXECUTION_DATE='2025-04-18T16:17:10.977990+00:00' AIRFLOW_CTX_TRY_NUMBER='1' AIRFLOW_CTX_DAG_RUN_ID='manual__2025-04-18T16:17:10.977990+00:00'
[2025-04-18T16:17:24.629+0000] {taskinstance.py:731} INFO - ::endgroup::
[2025-04-18T16:17:24.653+0000] {subprocess.py:78} INFO - Tmp dir root location: /tmp
[2025-04-18T16:17:24.656+0000] {subprocess.py:88} INFO - Running command: ['/usr/bin/bash', '-c', '/home/***/.local/bin/dbt debug --project-dir /opt/dbt --profiles-dir /opt/dbt']
[2025-04-18T16:17:24.677+0000] {subprocess.py:99} INFO - Output:
[2025-04-18T16:17:29.196+0000] {subprocess.py:106} INFO - [0m16:17:29  Running with dbt=1.9.4
[2025-04-18T16:17:29.219+0000] {subprocess.py:106} INFO - [0m16:17:29  dbt version: 1.9.4
[2025-04-18T16:17:29.221+0000] {subprocess.py:106} INFO - [0m16:17:29  python version: 3.11.11
[2025-04-18T16:17:29.225+0000] {subprocess.py:106} INFO - [0m16:17:29  python path: /home/***/.local/bin/python
[2025-04-18T16:17:29.227+0000] {subprocess.py:106} INFO - [0m16:17:29  os info: Linux-5.10.76-linuxkit-x86_64-with-glibc2.36
[2025-04-18T16:17:30.527+0000] {subprocess.py:106} INFO - [0m16:17:30  Using profiles dir at /opt/dbt
[2025-04-18T16:17:30.531+0000] {subprocess.py:106} INFO - [0m16:17:30  Using profiles.yml file at /opt/dbt/profiles.yml
[2025-04-18T16:17:30.534+0000] {subprocess.py:106} INFO - [0m16:17:30  Using dbt_project.yml file at /opt/dbt/dbt_project.yml
[2025-04-18T16:17:30.538+0000] {subprocess.py:106} INFO - [0m16:17:30  adapter type: snowflake
[2025-04-18T16:17:30.542+0000] {subprocess.py:106} INFO - [0m16:17:30  adapter version: 1.9.2
[2025-04-18T16:17:30.802+0000] {subprocess.py:106} INFO - [0m16:17:30  Configuration:
[2025-04-18T16:17:30.805+0000] {subprocess.py:106} INFO - [0m16:17:30    profiles.yml file [[32mOK found and valid[0m]
[2025-04-18T16:17:30.808+0000] {subprocess.py:106} INFO - [0m16:17:30    dbt_project.yml file [[32mOK found and valid[0m]
[2025-04-18T16:17:30.811+0000] {subprocess.py:106} INFO - [0m16:17:30  Required dependencies:
[2025-04-18T16:17:30.817+0000] {subprocess.py:106} INFO - [0m16:17:30   - git [[31mERROR[0m]
[2025-04-18T16:17:30.820+0000] {subprocess.py:106} INFO - 
[2025-04-18T16:17:30.822+0000] {subprocess.py:106} INFO - [0m16:17:30  Connection:
[2025-04-18T16:17:30.824+0000] {subprocess.py:106} INFO - [0m16:17:30    account: dbjbmjn-gb63301
[2025-04-18T16:17:30.827+0000] {subprocess.py:106} INFO - [0m16:17:30    user: AIDASOW73
[2025-04-18T16:17:30.829+0000] {subprocess.py:106} INFO - [0m16:17:30    database: DBT_DOCKER_DEMO
[2025-04-18T16:17:30.832+0000] {subprocess.py:106} INFO - [0m16:17:30    warehouse: COMPUTE_WH
[2025-04-18T16:17:30.836+0000] {subprocess.py:106} INFO - [0m16:17:30    role: ACCOUNTADMIN
[2025-04-18T16:17:30.839+0000] {subprocess.py:106} INFO - [0m16:17:30    schema: BASE
[2025-04-18T16:17:30.842+0000] {subprocess.py:106} INFO - [0m16:17:30    authenticator: None
[2025-04-18T16:17:30.844+0000] {subprocess.py:106} INFO - [0m16:17:30    oauth_client_id: None
[2025-04-18T16:17:30.847+0000] {subprocess.py:106} INFO - [0m16:17:30    query_tag: None
[2025-04-18T16:17:30.850+0000] {subprocess.py:106} INFO - [0m16:17:30    client_session_keep_alive: False
[2025-04-18T16:17:30.853+0000] {subprocess.py:106} INFO - [0m16:17:30    host: None
[2025-04-18T16:17:30.856+0000] {subprocess.py:106} INFO - [0m16:17:30    port: None
[2025-04-18T16:17:30.859+0000] {subprocess.py:106} INFO - [0m16:17:30    proxy_host: None
[2025-04-18T16:17:30.862+0000] {subprocess.py:106} INFO - [0m16:17:30    proxy_port: None
[2025-04-18T16:17:30.865+0000] {subprocess.py:106} INFO - [0m16:17:30    protocol: None
[2025-04-18T16:17:30.869+0000] {subprocess.py:106} INFO - [0m16:17:30    connect_retries: 1
[2025-04-18T16:17:30.872+0000] {subprocess.py:106} INFO - [0m16:17:30    connect_timeout: None
[2025-04-18T16:17:30.874+0000] {subprocess.py:106} INFO - [0m16:17:30    retry_on_database_errors: False
[2025-04-18T16:17:30.878+0000] {subprocess.py:106} INFO - [0m16:17:30    retry_all: False
[2025-04-18T16:17:30.882+0000] {subprocess.py:106} INFO - [0m16:17:30    insecure_mode: False
[2025-04-18T16:17:30.885+0000] {subprocess.py:106} INFO - [0m16:17:30    reuse_connections: True
[2025-04-18T16:17:30.889+0000] {subprocess.py:106} INFO - [0m16:17:30  Registered adapter: snowflake=1.9.2
[2025-04-18T16:17:31.671+0000] {subprocess.py:106} INFO - [0m16:17:31    Connection test: [[32mOK connection ok[0m]
[2025-04-18T16:17:31.674+0000] {subprocess.py:106} INFO - 
[2025-04-18T16:17:31.677+0000] {subprocess.py:106} INFO - [0m16:17:31  [31m1 check failed:[0m
[2025-04-18T16:17:31.679+0000] {subprocess.py:106} INFO - [0m16:17:31  Error from git --help: Could not find command, ensure it is in the user's PATH: "git"
[2025-04-18T16:17:31.682+0000] {subprocess.py:106} INFO - 
[2025-04-18T16:17:32.887+0000] {subprocess.py:110} INFO - Command exited with return code 1
[2025-04-18T16:17:32.904+0000] {taskinstance.py:3311} ERROR - Task failed with exception
Traceback (most recent call last):
  File "/home/airflow/.local/lib/python3.11/site-packages/airflow/models/taskinstance.py", line 767, in _execute_task
    result = _execute_callable(context=context, **execute_callable_kwargs)
             ^^^^^^^^^^^^^^^^^^^^^^^^^^^^^^^^^^^^^^^^^^^^^^^^^^^^^^^^^^^^^
  File "/home/airflow/.local/lib/python3.11/site-packages/airflow/models/taskinstance.py", line 733, in _execute_callable
    return ExecutionCallableRunner(
           ^^^^^^^^^^^^^^^^^^^^^^^^
  File "/home/airflow/.local/lib/python3.11/site-packages/airflow/utils/operator_helpers.py", line 252, in run
    return self.func(*args, **kwargs)
           ^^^^^^^^^^^^^^^^^^^^^^^^^^
  File "/home/airflow/.local/lib/python3.11/site-packages/airflow/models/baseoperator.py", line 422, in wrapper
    return func(self, *args, **kwargs)
           ^^^^^^^^^^^^^^^^^^^^^^^^^^^
  File "/home/airflow/.local/lib/python3.11/site-packages/airflow/operators/bash.py", line 276, in execute
    raise AirflowException(
airflow.exceptions.AirflowException: Bash command failed. The command returned a non-zero exit code 1.
[2025-04-18T16:17:32.921+0000] {taskinstance.py:1225} INFO - Marking task as UP_FOR_RETRY. dag_id=weather_api_to_snowflake, task_id=dbt_tasks.dbt_debug, run_id=manual__2025-04-18T16:17:10.977990+00:00, execution_date=20250418T161710, start_date=20250418T161724, end_date=20250418T161732
[2025-04-18T16:17:32.943+0000] {taskinstance.py:340} INFO - ::group::Post task execution logs
[2025-04-18T16:17:32.946+0000] {standard_task_runner.py:124} ERROR - Failed to execute job 243 for task dbt_tasks.dbt_debug (Bash command failed. The command returned a non-zero exit code 1.; 328)
Traceback (most recent call last):
  File "/home/airflow/.local/lib/python3.11/site-packages/airflow/task/task_runner/standard_task_runner.py", line 117, in _start_by_fork
    ret = args.func(args, dag=self.dag)
          ^^^^^^^^^^^^^^^^^^^^^^^^^^^^^
  File "/home/airflow/.local/lib/python3.11/site-packages/airflow/cli/cli_config.py", line 49, in command
    return func(*args, **kwargs)
           ^^^^^^^^^^^^^^^^^^^^^
  File "/home/airflow/.local/lib/python3.11/site-packages/airflow/utils/cli.py", line 116, in wrapper
    return f(*args, **kwargs)
           ^^^^^^^^^^^^^^^^^^
  File "/home/airflow/.local/lib/python3.11/site-packages/airflow/cli/commands/task_command.py", line 483, in task_run
    task_return_code = _run_task_by_selected_method(args, _dag, ti)
                       ^^^^^^^^^^^^^^^^^^^^^^^^^^^^^^^^^^^^^^^^^^^^
  File "/home/airflow/.local/lib/python3.11/site-packages/airflow/cli/commands/task_command.py", line 256, in _run_task_by_selected_method
    return _run_raw_task(args, ti)
           ^^^^^^^^^^^^^^^^^^^^^^^
  File "/home/airflow/.local/lib/python3.11/site-packages/airflow/cli/commands/task_command.py", line 341, in _run_raw_task
    return ti._run_raw_task(
           ^^^^^^^^^^^^^^^^^
  File "/home/airflow/.local/lib/python3.11/site-packages/airflow/utils/session.py", line 97, in wrapper
    return func(*args, session=session, **kwargs)
           ^^^^^^^^^^^^^^^^^^^^^^^^^^^^^^^^^^^^^^
  File "/home/airflow/.local/lib/python3.11/site-packages/airflow/models/taskinstance.py", line 3005, in _run_raw_task
    return _run_raw_task(
           ^^^^^^^^^^^^^^
  File "/home/airflow/.local/lib/python3.11/site-packages/airflow/models/taskinstance.py", line 273, in _run_raw_task
    TaskInstance._execute_task_with_callbacks(
  File "/home/airflow/.local/lib/python3.11/site-packages/airflow/models/taskinstance.py", line 3159, in _execute_task_with_callbacks
    result = self._execute_task(context, task_orig)
             ^^^^^^^^^^^^^^^^^^^^^^^^^^^^^^^^^^^^^^
  File "/home/airflow/.local/lib/python3.11/site-packages/airflow/models/taskinstance.py", line 3183, in _execute_task
    return _execute_task(self, context, task_orig)
           ^^^^^^^^^^^^^^^^^^^^^^^^^^^^^^^^^^^^^^^
  File "/home/airflow/.local/lib/python3.11/site-packages/airflow/models/taskinstance.py", line 767, in _execute_task
    result = _execute_callable(context=context, **execute_callable_kwargs)
             ^^^^^^^^^^^^^^^^^^^^^^^^^^^^^^^^^^^^^^^^^^^^^^^^^^^^^^^^^^^^^
  File "/home/airflow/.local/lib/python3.11/site-packages/airflow/models/taskinstance.py", line 733, in _execute_callable
    return ExecutionCallableRunner(
           ^^^^^^^^^^^^^^^^^^^^^^^^
  File "/home/airflow/.local/lib/python3.11/site-packages/airflow/utils/operator_helpers.py", line 252, in run
    return self.func(*args, **kwargs)
           ^^^^^^^^^^^^^^^^^^^^^^^^^^
  File "/home/airflow/.local/lib/python3.11/site-packages/airflow/models/baseoperator.py", line 422, in wrapper
    return func(self, *args, **kwargs)
           ^^^^^^^^^^^^^^^^^^^^^^^^^^^
  File "/home/airflow/.local/lib/python3.11/site-packages/airflow/operators/bash.py", line 276, in execute
    raise AirflowException(
airflow.exceptions.AirflowException: Bash command failed. The command returned a non-zero exit code 1.
[2025-04-18T16:17:32.989+0000] {local_task_job_runner.py:266} INFO - Task exited with return code 1
[2025-04-18T16:17:33.023+0000] {taskinstance.py:3895} INFO - 0 downstream tasks scheduled from follow-on schedule check
[2025-04-18T16:17:33.027+0000] {local_task_job_runner.py:245} INFO - ::endgroup::
